c:\users\laurence\documents\school\itp 470\itp 470 renderer\itp 470 renderer\debug\vc120.pdb
c:\users\laurence\documents\school\itp 470\itp 470 renderer\itp 470 renderer\debug\vc120.idb
c:\users\laurence\documents\school\itp 470\itp 470 renderer\itp 470 renderer\debug\camera.obj
c:\users\laurence\documents\school\itp 470\itp 470 renderer\itp 470 renderer\debug\ddstextureloader.obj
c:\users\laurence\documents\school\itp 470\itp 470 renderer\itp 470 renderer\debug\filereaderwriter.obj
c:\users\laurence\documents\school\itp 470\itp 470 renderer\itp 470 renderer\debug\d3dapp.obj
c:\users\laurence\documents\school\itp 470\itp 470 renderer\itp 470 renderer\debug\d3dutil.obj
c:\users\laurence\documents\school\itp 470\itp 470 renderer\itp 470 renderer\debug\gametimer.obj
c:\users\laurence\documents\school\itp 470\itp 470 renderer\itp 470 renderer\debug\mathhelper.obj
c:\users\laurence\documents\school\itp 470\itp 470 renderer\itp 470 renderer\debug\lightmanager.obj
c:\users\laurence\documents\school\itp 470\itp 470 renderer\itp 470 renderer\debug\main.obj
c:\users\laurence\documents\school\itp 470\itp 470 renderer\itp 470 renderer\debug\drawableobject.obj
c:\users\laurence\documents\school\itp 470\itp 470 renderer\itp 470 renderer\debug\renderer.obj
c:\users\laurence\documents\school\itp 470\itp 470 renderer\debug\colorps.cso
c:\users\laurence\documents\school\itp 470\itp 470 renderer\debug\colorvs.cso
c:\users\laurence\documents\school\itp 470\itp 470 renderer\debug\phongvs.cso
c:\users\laurence\documents\school\itp 470\itp 470 renderer\debug\phongps.cso
c:\users\laurence\documents\school\itp 470\itp 470 renderer\debug\itp 470 renderer.ilk
c:\users\laurence\documents\school\itp 470\itp 470 renderer\debug\itp 470 renderer.exe
c:\users\laurence\documents\school\itp 470\itp 470 renderer\debug\itp 470 renderer.pdb
c:\users\laurence\documents\school\itp 470\itp 470 renderer\itp 470 renderer\debug\itp 470 renderer.tlog\cl.command.1.tlog
c:\users\laurence\documents\school\itp 470\itp 470 renderer\itp 470 renderer\debug\itp 470 renderer.tlog\cl.read.1.tlog
c:\users\laurence\documents\school\itp 470\itp 470 renderer\itp 470 renderer\debug\itp 470 renderer.tlog\cl.write.1.tlog
c:\users\laurence\documents\school\itp 470\itp 470 renderer\itp 470 renderer\debug\itp 470 renderer.tlog\fxc.command.1.tlog
c:\users\laurence\documents\school\itp 470\itp 470 renderer\itp 470 renderer\debug\itp 470 renderer.tlog\fxc.read.1.tlog
c:\users\laurence\documents\school\itp 470\itp 470 renderer\itp 470 renderer\debug\itp 470 renderer.tlog\fxc.write.1.tlog
c:\users\laurence\documents\school\itp 470\itp 470 renderer\itp 470 renderer\debug\itp 470 renderer.tlog\itp 470 renderer.write.1u.tlog
c:\users\laurence\documents\school\itp 470\itp 470 renderer\itp 470 renderer\debug\itp 470 renderer.tlog\link.command.1.tlog
c:\users\laurence\documents\school\itp 470\itp 470 renderer\itp 470 renderer\debug\itp 470 renderer.tlog\link.read.1.tlog
c:\users\laurence\documents\school\itp 470\itp 470 renderer\itp 470 renderer\debug\itp 470 renderer.tlog\link.write.1.tlog
