Build started 3/10/2014 4:09:05 PM.
     1>Project "C:\Users\Laurence\Documents\School\ITP 470\ITP 470 Renderer\ITP 470 Renderer\ITP 470 Renderer.vcxproj" on node 2 (Build target(s)).
     1>Link:
         C:\Program Files (x86)\Microsoft Visual Studio 12.0\VC\bin\link.exe /ERRORREPORT:PROMPT /OUT:"C:\Users\Laurence\Documents\School\ITP 470\ITP 470 Renderer\Release\ITP 470 Renderer.exe" /NOLOGO assimp.lib d3d11.lib D3DCompiler.lib Effects11d.lib dxgi.lib dxguid.lib kernel32.lib user32.lib gdi32.lib winspool.lib comdlg32.lib advapi32.lib shell32.lib ole32.lib oleaut32.lib uuid.lib odbc32.lib odbccp32.lib kernel32.lib user32.lib gdi32.lib winspool.lib comdlg32.lib advapi32.lib shell32.lib ole32.lib oleaut32.lib uuid.lib odbc32.lib odbccp32.lib /MANIFEST /MANIFESTUAC:"level='asInvoker' uiAccess='false'" /manifest:embed /DEBUG /PDB:"C:\Users\Laurence\Documents\School\ITP 470\ITP 470 Renderer\Release\ITP 470 Renderer.pdb" /OPT:REF /OPT:ICF /LTCG /TLBID:1 /DYNAMICBASE /NXCOMPAT /IMPLIB:"C:\Users\Laurence\Documents\School\ITP 470\ITP 470 Renderer\Release\ITP 470 Renderer.lib" /MACHINE:X86 /SAFESEH Release\Camera.obj
         Release\DDSTextureLoader.obj
         Release\FileReaderWriter.obj
         Release\d3dApp.obj
         Release\d3dUtil.obj
         Release\GameTimer.obj
         Release\MathHelper.obj
         Release\InputManager.obj
         Release\LightManager.obj
         Release\main.obj
         Release\DrawableObject.obj
         Release\MeshData.obj
         Release\Renderer.obj
         Release\SceneLoader.obj
         Release\ShaderManager.obj
         Release\ShadowMap.obj
         Release\TexturedQuad.obj
         Generating code
         Finished generating code
         ITP 470 Renderer.vcxproj -> C:\Users\Laurence\Documents\School\ITP 470\ITP 470 Renderer\Release\ITP 470 Renderer.exe
       PostBuildEvent:
         xcopy /y /d "assimp/bin" "C:\Users\Laurence\Documents\School\ITP 470\ITP 470 Renderer\Release\"
         :VCEnd
         0 File(s) copied
     1>Done Building Project "C:\Users\Laurence\Documents\School\ITP 470\ITP 470 Renderer\ITP 470 Renderer\ITP 470 Renderer.vcxproj" (Build target(s)).

Build succeeded.

Time Elapsed 00:00:01.39
